<?xml version="1.0" encoding="UTF-8"?>
<!-- Generated by org.testng.reporters.JUnitReportReporter -->
<testsuite hostname="DESKTOP-3VCTBOU" name="org.excel.Executable" tests="2" failures="0" timestamp="7 Jan 2020 21:05:20 GMT" time="60.324" errors="0">
  <testcase name="test2" time="28.584" classname="org.excel.Executable"/>
  <testcase name="test1" time="31.740" classname="org.excel.Executable"/>
</testsuite> <!-- org.excel.Executable -->
